TN:
SF:src/App.tsx
FN:8,App
FNF:1
FNH:1
FNDA:6,App
DA:9,6
LF:1
LH:1
BRF:0
BRH:0
end_of_record
TN:
SF:src/api/rickAndMortyApi.ts
FN:8,(anonymous_0)
FN:22,fetchCharacters
FN:50,fetchCharacter
FNF:3
FNH:2
FNDA:10,(anonymous_0)
FNDA:12,fetchCharacters
FNDA:0,fetchCharacter
DA:3,1
DA:9,10
DA:10,10
DA:11,10
DA:15,1
DA:26,12
DA:27,12
DA:28,12
DA:30,12
DA:34,12
DA:35,12
DA:37,2
DA:40,10
DA:42,5
DA:44,5
DA:47,5
DA:53,0
DA:54,0
DA:56,0
DA:59,0
DA:61,0
DA:63,0
DA:66,0
LF:23
LH:16
BRDA:24,0,0,12
BRDA:27,1,0,4
BRDA:27,1,1,8
BRDA:40,2,0,5
BRDA:40,2,1,5
BRDA:42,3,0,5
BRDA:42,3,1,1
BRDA:59,4,0,0
BRDA:59,4,1,0
BRDA:61,5,0,0
BRDA:61,5,1,0
BRF:11
BRH:7
end_of_record
TN:
SF:src/components/characterCard/CharacterCard.tsx
FN:15,CharacterCard
FN:24,(anonymous_1)
FN:29,(anonymous_2)
FN:50,(anonymous_3)
FNF:4
FNH:4
FNDA:55,CharacterCard
FNDA:2,(anonymous_1)
FNDA:3,(anonymous_2)
FNDA:3,(anonymous_3)
DA:9,4
DA:16,55
DA:17,55
DA:18,55
DA:19,55
DA:21,55
DA:22,55
DA:24,55
DA:25,2
DA:26,2
DA:29,55
DA:30,3
DA:31,3
DA:34,55
DA:50,3
LF:15
LH:15
BRDA:38,0,0,2
BRDA:38,0,1,53
BRF:2
BRH:2
end_of_record
TN:
SF:src/components/characterDetail/CharacterDetail.tsx
FN:5,CharacterDetail
FN:11,(anonymous_1)
FN:92,(anonymous_2)
FNF:3
FNH:3
FNDA:17,CharacterDetail
FNDA:1,(anonymous_1)
FNDA:77,(anonymous_2)
DA:6,17
DA:7,17
DA:9,17
DA:11,17
DA:12,1
DA:15,17
DA:16,2
DA:32,15
DA:33,2
DA:55,13
DA:57,11
DA:93,77
LF:12
LH:12
BRDA:15,0,0,2
BRDA:15,0,1,15
BRDA:32,1,0,2
BRDA:32,1,1,13
BRDA:55,2,0,2
BRDA:55,2,1,11
BRDA:88,3,0,11
BRDA:88,3,1,11
BRF:8
BRH:8
end_of_record
TN:
SF:src/components/errorBoundary/ErrorBoundary.tsx
FN:12,(anonymous_0)
FN:16,(anonymous_1)
FN:20,(anonymous_2)
FN:24,(anonymous_3)
FNF:4
FNH:4
FNDA:21,(anonymous_0)
FNDA:11,(anonymous_1)
FNDA:1,(anonymous_2)
FNDA:44,(anonymous_3)
DA:10,21
DA:13,22
DA:17,11
DA:20,1
DA:21,1
DA:25,44
DA:26,22
DA:56,22
LF:8
LH:8
BRDA:25,0,0,22
BRDA:25,0,1,22
BRDA:27,1,0,22
BRDA:27,1,1,18
BRDA:42,2,0,18
BRDA:42,2,1,0
BRF:6
BRH:5
end_of_record
TN:
SF:src/components/errorBoundary/ErrorTrigger.tsx
FN:3,ErrorTrigger
FN:12,(anonymous_1)
FNF:2
FNH:2
FNDA:31,ErrorTrigger
FNDA:3,(anonymous_1)
DA:4,31
DA:6,31
DA:7,6
DA:10,23
DA:12,3
LF:5
LH:5
BRDA:6,0,0,6
BRDA:6,0,1,25
BRF:2
BRH:2
end_of_record
TN:
SF:src/components/pagination/Pagination.tsx
FN:3,Pagination
FN:10,(anonymous_1)
FN:12,(anonymous_2)
FN:17,(anonymous_3)
FN:27,(anonymous_4)
FN:31,(anonymous_5)
FN:43,(anonymous_6)
FN:55,(anonymous_7)
FN:69,(anonymous_8)
FNF:9
FNH:9
FNDA:25,Pagination
FNDA:85,(anonymous_1)
FNDA:85,(anonymous_2)
FNDA:65,(anonymous_3)
FNDA:4,(anonymous_4)
FNDA:1,(anonymous_5)
FNDA:70,(anonymous_6)
FNDA:2,(anonymous_7)
FNDA:1,(anonymous_8)
DA:8,25
DA:10,85
DA:12,14
DA:13,85
DA:16,14
DA:17,14
DA:18,65
DA:19,5
DA:21,65
DA:24,14
DA:27,4
DA:31,1
DA:44,70
DA:55,2
DA:69,1
LF:15
LH:15
BRDA:8,0,0,11
BRDA:8,0,1,14
BRDA:13,1,0,85
BRDA:13,1,1,71
BRDA:13,1,2,57
BRDA:18,2,0,5
BRDA:18,2,1,60
BRDA:18,3,0,65
BRDA:18,3,1,51
BRDA:44,4,0,5
BRDA:44,4,1,65
BRDA:58,5,0,14
BRDA:58,5,1,51
BRDA:59,6,0,14
BRDA:59,6,1,51
BRF:15
BRH:15
end_of_record
TN:
SF:src/components/searchBar/SearchBar.tsx
FN:3,(anonymous_0)
FN:9,(anonymous_1)
FN:20,(anonymous_2)
FNF:3
FNH:3
FNDA:28,(anonymous_0)
FNDA:11,(anonymous_1)
FNDA:10,(anonymous_2)
DA:3,3
DA:9,28
DA:10,11
DA:11,1
DA:15,28
DA:20,10
LF:6
LH:6
BRDA:7,0,0,28
BRDA:10,1,0,1
BRDA:10,1,1,10
BRF:3
BRH:3
end_of_record
TN:
SF:src/components/searchResults/SearchResults.tsx
FN:8,SearchResults
FN:35,(anonymous_1)
FN:38,(anonymous_2)
FNF:3
FNH:3
FNDA:24,SearchResults
FNDA:240,(anonymous_1)
FNDA:33,(anonymous_2)
DA:6,3
DA:9,24
DA:10,1
DA:29,23
DA:36,240
DA:39,33
LF:6
LH:6
BRDA:9,0,0,1
BRDA:9,0,1,23
BRDA:34,1,0,12
BRDA:34,1,1,11
BRF:4
BRH:4
end_of_record
TN:
SF:src/components/selectedItems/SelectedItemsPanel.tsx
FN:6,SelectedItemsPanel
FNF:1
FNH:1
FNDA:28,SelectedItemsPanel
DA:7,28
DA:8,28
DA:10,28
DA:12,5
DA:14,5
LF:5
LH:5
BRDA:10,0,0,23
BRDA:10,0,1,5
BRDA:24,1,0,2
BRDA:24,1,1,3
BRF:4
BRH:4
end_of_record
TN:
SF:src/components/skeletonCard/SkeletonCard.tsx
FN:1,SkeletonCard
FNF:1
FNH:1
FNDA:246,SkeletonCard
DA:2,246
LF:1
LH:1
BRF:0
BRH:0
end_of_record
TN:
SF:src/hooks/useCharacterDetail.ts
FN:5,useCharacterDetail
FNF:1
FNH:1
FNDA:22,useCharacterDetail
DA:6,22
DA:8,22
LF:2
LH:2
BRDA:9,0,0,22
BRDA:9,0,1,18
BRDA:10,1,0,22
BRDA:10,1,1,11
BRDA:11,2,0,3
BRDA:11,2,1,19
BRDA:12,3,0,1
BRDA:12,3,1,2
BRF:8
BRH:8
end_of_record
TN:
SF:src/hooks/useCharacterDetailQuery.ts
FN:7,useCharacterDetailQuery
FN:15,(anonymous_1)
FNF:2
FNH:2
FNDA:27,useCharacterDetailQuery
FNDA:13,(anonymous_1)
DA:9,27
DA:13,27
DA:15,13
LF:3
LH:3
BRDA:9,0,0,22
BRDA:9,0,1,5
BRF:2
BRH:2
end_of_record
TN:
SF:src/hooks/useCharactersQuery.ts
FN:7,(anonymous_0)
FN:9,(anonymous_1)
FN:12,useCharactersQuery
FN:15,(anonymous_3)
FN:16,(anonymous_4)
FNF:5
FNH:5
FNDA:43,(anonymous_0)
FNDA:23,(anonymous_1)
FNDA:42,useCharactersQuery
FNDA:34,(anonymous_3)
FNDA:133,(anonymous_4)
DA:5,6
DA:8,43
DA:9,23
DA:13,42
DA:15,34
DA:16,133
LF:6
LH:6
BRF:0
BRH:0
end_of_record
TN:
SF:src/hooks/useLocalStorage.ts
FN:3,useLocalStorage
FN:4,(anonymous_1)
FN:13,(anonymous_2)
FNF:3
FNH:3
FNDA:4,useLocalStorage
FNDA:3,(anonymous_1)
FNDA:1,(anonymous_2)
DA:4,4
DA:5,3
DA:6,3
DA:7,3
DA:9,0
DA:13,4
DA:14,1
DA:15,1
DA:16,1
DA:18,0
DA:22,4
LF:11
LH:9
BRDA:7,0,0,1
BRDA:7,0,1,2
BRF:2
BRH:2
end_of_record
TN:
SF:src/hooks/useSearch.ts
FN:10,useSearch
FN:21,(anonymous_1)
FN:27,(anonymous_2)
FN:35,(anonymous_3)
FNF:4
FNH:3
FNDA:38,useSearch
FNDA:21,(anonymous_1)
FNDA:4,(anonymous_2)
FNDA:0,(anonymous_3)
DA:11,38
DA:12,38
DA:14,38
DA:16,38
DA:21,38
DA:22,21
DA:23,21
DA:24,21
DA:27,38
DA:28,4
DA:29,0
DA:31,4
DA:35,38
DA:36,0
DA:39,38
LF:15
LH:13
BRDA:14,0,0,38
BRDA:14,0,1,37
BRDA:23,1,0,1
BRDA:23,1,1,20
BRDA:24,2,0,1
BRDA:24,2,1,20
BRDA:28,3,0,0
BRDA:28,3,1,4
BRDA:42,4,0,38
BRDA:42,4,1,24
BRDA:43,5,0,38
BRDA:43,5,1,24
BRDA:46,6,0,2
BRDA:46,6,1,35
BRDA:47,7,0,1
BRDA:47,7,1,1
BRF:16
BRH:15
end_of_record
TN:
SF:src/pages/AboutPage.tsx
FN:2,(anonymous_0)
FNF:1
FNH:1
FNDA:10,(anonymous_0)
DA:2,2
DA:3,10
LF:2
LH:2
BRF:0
BRH:0
end_of_record
TN:
SF:src/pages/HomePage.tsx
FN:13,HomePage
FN:30,(anonymous_1)
FNF:2
FNH:1
FNDA:21,HomePage
FNDA:0,(anonymous_1)
DA:23,21
DA:26,21
DA:27,21
DA:28,21
DA:30,21
DA:31,0
DA:32,0
DA:35,21
LF:8
LH:6
BRDA:31,0,0,0
BRDA:31,0,1,0
BRDA:56,1,0,0
BRDA:56,1,1,20
BRDA:60,2,0,21
BRDA:60,2,1,9
BRDA:60,2,2,9
BRDA:69,3,0,21
BRDA:69,3,1,0
BRF:9
BRH:5
end_of_record
TN:
SF:src/pages/NotFoundPage.tsx
FN:3,NotFoundPage
FNF:1
FNH:1
FNDA:7,NotFoundPage
DA:4,7
LF:1
LH:1
BRF:0
BRH:0
end_of_record
TN:
SF:src/store/characterStore.ts
FN:11,(anonymous_0)
FN:13,(anonymous_1)
FN:15,(anonymous_2)
FN:16,(anonymous_3)
FN:18,(anonymous_4)
FN:21,(anonymous_5)
FN:24,(anonymous_6)
FN:24,(anonymous_7)
FN:25,(anonymous_8)
FN:25,(anonymous_9)
FN:26,(anonymous_10)
FN:26,(anonymous_11)
FN:27,(anonymous_12)
FN:28,(anonymous_13)
FN:29,(anonymous_14)
FN:30,(anonymous_15)
FNF:16
FNH:16
FNDA:7,(anonymous_0)
FNDA:9,(anonymous_1)
FNDA:15,(anonymous_2)
FNDA:15,(anonymous_3)
FNDA:4,(anonymous_4)
FNDA:4,(anonymous_5)
FNDA:104,(anonymous_6)
FNDA:325,(anonymous_7)
FNDA:103,(anonymous_8)
FNDA:322,(anonymous_9)
FNDA:106,(anonymous_10)
FNDA:340,(anonymous_11)
FNDA:75,(anonymous_12)
FNDA:244,(anonymous_13)
FNDA:34,(anonymous_14)
FNDA:108,(anonymous_15)
DA:11,7
DA:13,9
DA:16,15
DA:18,4
DA:21,4
DA:24,325
DA:25,322
DA:26,340
DA:27,7
DA:28,244
DA:29,7
DA:30,108
LF:12
LH:12
BRDA:17,0,0,3
BRDA:17,0,1,12
BRF:2
BRH:2
end_of_record
TN:
SF:src/test-utils/mocks.ts
FNF:0
FNH:0
DA:3,7
DA:12,7
DA:32,7
LF:3
LH:3
BRF:0
BRH:0
end_of_record
TN:
SF:src/test-utils/renderWithProviders.tsx
FN:6,makeQueryClient
FN:18,Providers
FN:26,renderWithProviders
FN:30,renderWithMemoryRouter
FNF:4
FNH:4
FNDA:97,makeQueryClient
FNDA:100,Providers
FNDA:89,renderWithProviders
FNDA:25,renderWithMemoryRouter
DA:7,97
DA:19,100
DA:27,89
DA:34,25
LF:4
LH:4
BRF:0
BRH:0
end_of_record
TN:
SF:src/types/character.ts
FNF:0
FNH:0
LF:0
LH:0
BRF:0
BRH:0
end_of_record
TN:
SF:src/types/errorBoundary.ts
FNF:0
FNH:0
LF:0
LH:0
BRF:0
BRH:0
end_of_record
TN:
SF:src/types/pagination.ts
FNF:0
FNH:0
LF:0
LH:0
BRF:0
BRH:0
end_of_record
TN:
SF:src/types/searchBarProps.ts
FNF:0
FNH:0
LF:0
LH:0
BRF:0
BRH:0
end_of_record
TN:
SF:src/types/searchResultProps.ts
FNF:0
FNH:0
LF:0
LH:0
BRF:0
BRH:0
end_of_record
