TN:
SF:src/App.tsx
FN:8,App
FNF:1
FNH:1
FNDA:6,App
DA:9,6
LF:1
LH:1
BRF:0
BRH:0
end_of_record
TN:
SF:src/api/rickAndMortyApi.ts
FN:8,(anonymous_0)
FN:22,fetchCharacters
FN:50,fetchCharacter
FNF:3
FNH:2
FNDA:10,(anonymous_0)
FNDA:12,fetchCharacters
FNDA:0,fetchCharacter
DA:3,1
DA:9,10
DA:10,10
DA:11,10
DA:15,1
DA:26,12
DA:27,12
DA:28,12
DA:30,12
DA:34,12
DA:35,12
DA:37,2
DA:40,10
DA:42,5
DA:44,5
DA:47,5
DA:53,0
DA:54,0
DA:56,0
DA:59,0
DA:61,0
DA:63,0
DA:66,0
LF:23
LH:16
BRDA:24,0,0,12
BRDA:27,1,0,4
BRDA:27,1,1,8
BRDA:40,2,0,5
BRDA:40,2,1,5
BRDA:42,3,0,5
BRDA:42,3,1,1
BRDA:59,4,0,0
BRDA:59,4,1,0
BRDA:61,5,0,0
BRDA:61,5,1,0
BRF:11
BRH:7
end_of_record
TN:
SF:src/components/characterCard/CharacterCard.tsx
FN:11,CharacterCard
FN:17,(anonymous_1)
FNF:2
FNH:1
FNDA:46,CharacterCard
FNDA:0,(anonymous_1)
DA:5,4
DA:12,46
DA:13,46
DA:15,46
DA:17,46
DA:18,0
DA:19,0
DA:20,0
DA:21,0
DA:24,46
LF:10
LH:6
BRDA:28,0,0,0
BRDA:28,0,1,46
BRF:2
BRH:1
end_of_record
TN:
SF:src/components/characterDetail/CharacterDetail.tsx
FN:5,CharacterDetail
FN:13,(anonymous_1)
FN:96,(anonymous_2)
FNF:3
FNH:3
FNDA:17,CharacterDetail
FNDA:1,(anonymous_1)
FNDA:77,(anonymous_2)
DA:6,17
DA:7,17
DA:8,17
DA:9,17
DA:11,17
DA:13,17
DA:14,1
DA:15,1
DA:16,1
DA:19,17
DA:20,2
DA:36,15
DA:37,2
DA:59,13
DA:61,11
DA:97,77
LF:16
LH:16
BRDA:9,0,0,15
BRDA:9,0,1,2
BRDA:19,1,0,2
BRDA:19,1,1,15
BRDA:36,2,0,2
BRDA:36,2,1,13
BRDA:59,3,0,2
BRDA:59,3,1,11
BRDA:92,4,0,11
BRDA:92,4,1,11
BRF:10
BRH:10
end_of_record
TN:
SF:src/components/errorBoundary/ErrorBoundary.tsx
FN:12,(anonymous_0)
FN:16,(anonymous_1)
FN:20,(anonymous_2)
FN:24,(anonymous_3)
FNF:4
FNH:4
FNDA:21,(anonymous_0)
FNDA:11,(anonymous_1)
FNDA:1,(anonymous_2)
FNDA:44,(anonymous_3)
DA:10,21
DA:13,22
DA:17,11
DA:20,1
DA:21,1
DA:25,44
DA:26,22
DA:56,22
LF:8
LH:8
BRDA:25,0,0,22
BRDA:25,0,1,22
BRDA:27,1,0,22
BRDA:27,1,1,18
BRDA:42,2,0,18
BRDA:42,2,1,0
BRF:6
BRH:5
end_of_record
TN:
SF:src/components/errorBoundary/ErrorTrigger.tsx
FN:3,ErrorTrigger
FN:12,(anonymous_1)
FNF:2
FNH:2
FNDA:45,ErrorTrigger
FNDA:3,(anonymous_1)
DA:4,45
DA:6,45
DA:7,6
DA:10,37
DA:12,3
LF:5
LH:5
BRDA:6,0,0,6
BRDA:6,0,1,39
BRF:2
BRH:2
end_of_record
TN:
SF:src/components/pagination/Pagination.tsx
FN:3,Pagination
FN:10,(anonymous_1)
FN:12,(anonymous_2)
FN:17,(anonymous_3)
FN:30,(anonymous_4)
FN:42,(anonymous_5)
FN:54,(anonymous_6)
FN:68,(anonymous_7)
FNF:8
FNH:8
FNDA:37,Pagination
FNDA:85,(anonymous_1)
FNDA:85,(anonymous_2)
FNDA:65,(anonymous_3)
FNDA:1,(anonymous_4)
FNDA:70,(anonymous_5)
FNDA:2,(anonymous_6)
FNDA:1,(anonymous_7)
DA:8,37
DA:10,85
DA:12,14
DA:13,85
DA:16,14
DA:17,14
DA:18,65
DA:19,5
DA:21,65
DA:24,14
DA:30,1
DA:43,70
DA:54,2
DA:68,1
LF:14
LH:14
BRDA:8,0,0,23
BRDA:8,0,1,14
BRDA:13,1,0,85
BRDA:13,1,1,71
BRDA:13,1,2,57
BRDA:18,2,0,5
BRDA:18,2,1,60
BRDA:18,3,0,65
BRDA:18,3,1,51
BRDA:43,4,0,5
BRDA:43,4,1,65
BRDA:57,5,0,14
BRDA:57,5,1,51
BRDA:58,6,0,14
BRDA:58,6,1,51
BRF:15
BRH:15
end_of_record
TN:
SF:src/components/searchBar/SearchBar.tsx
FN:3,(anonymous_0)
FN:9,(anonymous_1)
FN:20,(anonymous_2)
FNF:3
FNH:3
FNDA:42,(anonymous_0)
FNDA:11,(anonymous_1)
FNDA:10,(anonymous_2)
DA:3,3
DA:9,42
DA:10,11
DA:11,1
DA:15,42
DA:20,10
LF:6
LH:6
BRDA:7,0,0,42
BRDA:10,1,0,1
BRDA:10,1,1,10
BRF:3
BRH:3
end_of_record
TN:
SF:src/components/searchResults/SearchResults.tsx
FN:8,SearchResults
FN:35,(anonymous_1)
FN:38,(anonymous_2)
FNF:3
FNH:3
FNDA:38,SearchResults
FNDA:280,(anonymous_1)
FNDA:36,(anonymous_2)
DA:6,3
DA:9,38
DA:10,1
DA:29,37
DA:36,280
DA:39,36
LF:6
LH:6
BRDA:9,0,0,1
BRDA:9,0,1,37
BRDA:34,1,0,14
BRDA:34,1,1,23
BRF:4
BRH:4
end_of_record
TN:
SF:src/components/skeletonCard/SkeletonCard.tsx
FN:1,SkeletonCard
FNF:1
FNH:1
FNDA:286,SkeletonCard
DA:2,286
LF:1
LH:1
BRF:0
BRH:0
end_of_record
TN:
SF:src/hooks/useCharacterDetail.ts
FN:7,useCharacterDetail
FN:12,(anonymous_1)
FN:15,(anonymous_2)
FN:16,(anonymous_3)
FN:21,(anonymous_4)
FN:28,(anonymous_5)
FN:33,(anonymous_6)
FN:42,(anonymous_7)
FN:48,(anonymous_8)
FNF:9
FNH:9
FNDA:27,useCharacterDetail
FNDA:15,(anonymous_1)
FNDA:4,(anonymous_2)
FNDA:4,(anonymous_3)
FNDA:11,(anonymous_4)
FNDA:7,(anonymous_5)
FNDA:4,(anonymous_6)
FNDA:11,(anonymous_7)
FNDA:11,(anonymous_8)
DA:8,27
DA:9,27
DA:10,27
DA:12,27
DA:13,15
DA:15,4
DA:16,4
DA:19,11
DA:21,11
DA:22,11
DA:23,11
DA:24,11
DA:27,11
DA:29,7
DA:30,7
DA:34,4
DA:36,4
DA:37,2
DA:39,2
DA:43,11
DA:44,11
DA:48,11
DA:49,11
DA:53,27
LF:24
LH:24
BRDA:13,0,0,4
BRDA:13,0,1,11
BRDA:22,1,0,0
BRDA:22,1,1,11
BRDA:29,2,0,7
BRDA:29,2,1,0
BRDA:34,3,0,0
BRDA:34,3,1,4
BRDA:36,4,0,2
BRDA:36,4,1,2
BRDA:43,5,0,11
BRDA:43,5,1,0
BRF:12
BRH:8
end_of_record
TN:
SF:src/hooks/useLocalStorage.ts
FN:3,useLocalStorage
FN:4,(anonymous_1)
FN:13,(anonymous_2)
FNF:3
FNH:3
FNDA:4,useLocalStorage
FNDA:3,(anonymous_1)
FNDA:1,(anonymous_2)
DA:4,4
DA:5,3
DA:6,3
DA:7,3
DA:9,0
DA:13,4
DA:14,1
DA:15,1
DA:16,1
DA:18,0
DA:22,4
LF:11
LH:9
BRDA:7,0,0,1
BRDA:7,0,1,2
BRF:2
BRH:2
end_of_record
TN:
SF:src/hooks/useSearch.ts
FN:10,useSearch
FN:22,(anonymous_1)
FN:47,(anonymous_2)
FN:55,(anonymous_3)
FN:60,(anonymous_4)
FN:66,(anonymous_5)
FNF:6
FNH:5
FNDA:73,useSearch
FNDA:46,(anonymous_1)
FNDA:21,(anonymous_2)
FNDA:21,(anonymous_3)
FNDA:4,(anonymous_4)
FNDA:0,(anonymous_5)
DA:11,73
DA:12,73
DA:13,73
DA:14,73
DA:15,73
DA:16,73
DA:17,73
DA:18,73
DA:20,73
DA:22,73
DA:23,46
DA:24,46
DA:25,26
DA:27,26
DA:28,26
DA:30,26
DA:31,26
DA:32,22
DA:33,22
DA:35,4
DA:36,4
DA:37,4
DA:38,2
DA:40,2
DA:43,25
DA:47,73
DA:48,21
DA:49,21
DA:50,21
DA:51,21
DA:52,21
DA:55,73
DA:56,21
DA:57,21
DA:60,73
DA:61,4
DA:62,4
DA:63,4
DA:66,73
DA:67,0
DA:70,73
LF:41
LH:40
BRDA:20,0,0,73
BRDA:20,0,1,60
BRDA:24,1,0,20
BRDA:24,1,1,26
BRDA:37,2,0,2
BRDA:37,2,1,2
BRDA:48,3,0,0
BRDA:48,3,1,21
BRDA:51,4,0,1
BRDA:51,4,1,20
BRDA:56,5,0,0
BRDA:56,5,1,21
BRF:12
BRH:10
end_of_record
TN:
SF:src/pages/AboutPage.tsx
FN:2,(anonymous_0)
FNF:1
FNH:1
FNDA:10,(anonymous_0)
DA:2,2
DA:3,10
LF:2
LH:2
BRF:0
BRH:0
end_of_record
TN:
SF:src/pages/HomePage.tsx
FN:10,HomePage
FN:27,(anonymous_1)
FNF:2
FNH:1
FNDA:35,HomePage
FNDA:0,(anonymous_1)
DA:20,35
DA:23,35
DA:24,35
DA:25,35
DA:27,35
DA:28,0
DA:29,0
DA:30,0
DA:31,0
DA:34,35
LF:10
LH:6
BRDA:28,0,0,0
BRDA:28,0,1,0
BRDA:55,1,0,0
BRDA:55,1,1,34
BRDA:59,2,0,35
BRDA:59,2,1,21
BRDA:59,2,2,21
BRDA:68,3,0,35
BRDA:68,3,1,0
BRF:9
BRH:5
end_of_record
TN:
SF:src/pages/NotFoundPage.tsx
FN:3,NotFoundPage
FNF:1
FNH:1
FNDA:7,NotFoundPage
DA:4,7
LF:1
LH:1
BRF:0
BRH:0
end_of_record
TN:
SF:src/test-utils/mocks.ts
FNF:0
FNH:0
DA:3,6
DA:12,6
DA:32,6
LF:3
LH:3
BRF:0
BRH:0
end_of_record
TN:
SF:src/test-utils/renderWithProviders.tsx
FN:5,renderWithProviders
FN:7,(anonymous_1)
FN:14,renderWithMemoryRouter
FNF:3
FNH:3
FNDA:76,renderWithProviders
FNDA:95,(anonymous_1)
FNDA:25,renderWithMemoryRouter
DA:6,76
DA:8,95
DA:18,25
LF:3
LH:3
BRF:0
BRH:0
end_of_record
TN:
SF:src/types/character.ts
FNF:0
FNH:0
LF:0
LH:0
BRF:0
BRH:0
end_of_record
TN:
SF:src/types/errorBoundary.ts
FNF:0
FNH:0
LF:0
LH:0
BRF:0
BRH:0
end_of_record
TN:
SF:src/types/pagination.ts
FNF:0
FNH:0
LF:0
LH:0
BRF:0
BRH:0
end_of_record
TN:
SF:src/types/searchBarProps.ts
FNF:0
FNH:0
LF:0
LH:0
BRF:0
BRH:0
end_of_record
TN:
SF:src/types/searchResultProps.ts
FNF:0
FNH:0
LF:0
LH:0
BRF:0
BRH:0
end_of_record
